TN:
SF:src/router.ts
FN:23,(anonymous_0)
FN:35,(anonymous_1)
FNF:2
FNH:2
FNDA:4,(anonymous_0)
FNDA:5,(anonymous_1)
DA:1,2
DA:2,2
DA:3,2
DA:4,2
DA:6,2
DA:9,2
DA:10,2
DA:16,2
DA:23,4
DA:28,2
DA:35,5
DA:42,2
DA:48,2
DA:54,2
LF:14
LH:14
BRF:0
BRH:0
end_of_record
TN:
SF:src/server.ts
FN:7,connectDB
FN:27,(anonymous_2)
FNF:2
FNH:2
FNDA:2,connectDB
FNDA:1,(anonymous_2)
DA:1,2
DA:2,2
DA:3,2
DA:4,2
DA:8,2
DA:9,2
DA:10,1
DA:14,0
DA:17,2
DA:20,2
DA:23,2
DA:25,2
DA:27,2
DA:28,1
DA:31,2
LF:15
LH:14
BRF:0
BRH:0
end_of_record
TN:
SF:src/config/db.ts
FNF:0
FNH:0
DA:1,2
DA:2,2
DA:3,2
DA:5,2
DA:10,2
LF:5
LH:5
BRF:0
BRH:0
end_of_record
TN:
SF:src/handlers/product.ts
FN:4,(anonymous_1)
FN:13,(anonymous_2)
FN:24,(anonymous_3)
FN:29,(anonymous_4)
FN:45,(anonymous_5)
FN:61,(anonymous_6)
FNF:6
FNH:5
FNDA:2,(anonymous_1)
FNDA:2,(anonymous_2)
FNDA:1,(anonymous_3)
FNDA:2,(anonymous_4)
FNDA:0,(anonymous_5)
FNDA:2,(anonymous_6)
DA:2,2
DA:4,2
DA:5,2
DA:10,2
DA:13,2
DA:14,2
DA:15,2
DA:16,2
DA:17,1
DA:21,1
DA:24,2
DA:25,1
DA:26,1
DA:29,2
DA:30,2
DA:31,2
DA:33,2
DA:34,1
DA:40,1
DA:41,1
DA:42,1
DA:45,2
DA:46,0
DA:47,0
DA:49,0
DA:50,0
DA:56,0
DA:57,0
DA:58,0
DA:61,2
DA:62,2
DA:63,2
DA:65,2
DA:66,1
DA:71,1
DA:72,1
LF:36
LH:29
BRDA:16,0,0,1
BRDA:33,1,0,1
BRDA:49,2,0,0
BRDA:65,3,0,1
BRF:4
BRH:3
end_of_record
TN:
SF:src/middleware/index.ts
FN:4,(anonymous_0)
FNF:1
FNH:1
FNDA:15,(anonymous_0)
DA:2,2
DA:4,2
DA:5,15
DA:6,15
DA:7,8
DA:9,7
LF:6
LH:6
BRDA:6,0,0,8
BRF:1
BRH:1
end_of_record
TN:
SF:src/models/Product.model.ts
FNF:0
FNH:0
DA:1,2
DA:7,2
DA:11,2
DA:16,2
DA:22,2
DA:25,2
LF:6
LH:6
BRF:0
BRH:0
end_of_record
